0 info it worked if it ends with ok
1 verbose cli [ '/home/christiang/.nvm/versions/node/v5.0.0/bin/node',
1 verbose cli   '/home/christiang/.nvm/versions/node/v5.0.0/bin/npm',
1 verbose cli   'run',
1 verbose cli   'check-coverage' ]
2 info using npm@3.3.6
3 info using node@v5.0.0
4 verbose run-script [ 'precheck-coverage', 'check-coverage', 'postcheck-coverage' ]
5 info lifecycle zmsoap@0.0.0-semantically-released~precheck-coverage: zmsoap@0.0.0-semantically-released
6 silly lifecycle zmsoap@0.0.0-semantically-released~precheck-coverage: no script for precheck-coverage, continuing
7 info lifecycle zmsoap@0.0.0-semantically-released~check-coverage: zmsoap@0.0.0-semantically-released
8 verbose lifecycle zmsoap@0.0.0-semantically-released~check-coverage: unsafe-perm in lifecycle true
9 verbose lifecycle zmsoap@0.0.0-semantically-released~check-coverage: PATH: /home/christiang/.nvm/versions/node/v5.0.0/lib/node_modules/npm/bin/node-gyp-bin:/home/christiang/Code/lib/zmsoap/node_modules/.bin:/home/christiang/Code/lib/zmsoap/node_modules/.bin:/usr/lib/git-core:/home/christiang/.nvm/versions/node/v5.0.0/bin:/usr/local/sbin:/usr/local/bin:/usr/bin:/usr/lib/jvm/default/bin:/usr/bin/site_perl:/usr/bin/vendor_perl:/usr/bin/core_perl
10 verbose lifecycle zmsoap@0.0.0-semantically-released~check-coverage: CWD: /home/christiang/Code/lib/zmsoap
11 silly lifecycle zmsoap@0.0.0-semantically-released~check-coverage: Args: [ '-c',
11 silly lifecycle   'nyc check-coverage --statements 100 --branches 100 --functions 100 --lines' ]
12 silly lifecycle zmsoap@0.0.0-semantically-released~check-coverage: Returned: code: 1  signal: null
13 info lifecycle zmsoap@0.0.0-semantically-released~check-coverage: Failed to exec check-coverage script
14 verbose stack Error: zmsoap@0.0.0-semantically-released check-coverage: `nyc check-coverage --statements 100 --branches 100 --functions 100 --lines`
14 verbose stack Exit status 1
14 verbose stack     at EventEmitter.<anonymous> (/home/christiang/.nvm/versions/node/v5.0.0/lib/node_modules/npm/lib/utils/lifecycle.js:233:16)
14 verbose stack     at emitTwo (events.js:87:13)
14 verbose stack     at EventEmitter.emit (events.js:172:7)
14 verbose stack     at ChildProcess.<anonymous> (/home/christiang/.nvm/versions/node/v5.0.0/lib/node_modules/npm/lib/utils/spawn.js:24:14)
14 verbose stack     at emitTwo (events.js:87:13)
14 verbose stack     at ChildProcess.emit (events.js:172:7)
14 verbose stack     at maybeClose (internal/child_process.js:818:16)
14 verbose stack     at Process.ChildProcess._handle.onexit (internal/child_process.js:211:5)
15 verbose pkgid zmsoap@0.0.0-semantically-released
16 verbose cwd /home/christiang/Code/lib/zmsoap
17 error Linux 4.5.4-1-ARCH
18 error argv "/home/christiang/.nvm/versions/node/v5.0.0/bin/node" "/home/christiang/.nvm/versions/node/v5.0.0/bin/npm" "run" "check-coverage"
19 error node v5.0.0
20 error npm  v3.3.6
21 error code ELIFECYCLE
22 error zmsoap@0.0.0-semantically-released check-coverage: `nyc check-coverage --statements 100 --branches 100 --functions 100 --lines`
22 error Exit status 1
23 error Failed at the zmsoap@0.0.0-semantically-released check-coverage script 'nyc check-coverage --statements 100 --branches 100 --functions 100 --lines'.
23 error This is most likely a problem with the zmsoap package,
23 error not with npm itself.
23 error Tell the author that this fails on your system:
23 error     nyc check-coverage --statements 100 --branches 100 --functions 100 --lines
23 error You can get their info via:
23 error     npm owner ls zmsoap
23 error There is likely additional logging output above.
24 verbose exit [ 1, true ]
